<?xml version="1.0" encoding="UTF-8"?>
<!-- Generated by org.testng.reporters.JUnitXMLReporter -->
<testsuite ignored="0" hostname="DESKTOP-OS6BKGO" failures="0" tests="12" name="Test" time="40.127" errors="0" timestamp="2025-10-19T19:37:15 IST">
  <testcase classname="com.tutorialninja.testcases.RegisterTest" name="verifyRegisteringAccWithAllFields" time="1.865"/>
  <testcase classname="com.tutorialninja.testcases.RegisterTest" name="verifyRegisteringAccWithExistingEmail" time="1.381"/>
  <testcase classname="com.tutorialninja.testcases.RegisterTest" name="verifyRegisteringAccWithMandFields" time="1.593"/>
  <testcase classname="com.tutorialninja.testcases.LoginTest" name="loginWithValidCredentials" time="1.041"/>
  <testcase classname="com.tutorialninja.testcases.LoginTest" name="loginWithValidCredentials" time="1.082"/>
  <testcase classname="com.tutorialninja.testcases.LoginTest" name="loginWithValidCredentials" time="1.273"/>
  <testcase classname="com.tutorialninja.testcases.LoginTest" name="loginWithInvalidCredentials" time="0.987"/>
  <testcase classname="com.tutorialninja.testcases.LoginTest" name="verifyWithValidEmailAndInvalidPassword" time="0.899"/>
  <testcase classname="com.tutorialninja.testcases.LoginTest" name="verifyWithInalidEmailAndValidPassword" time="1.015"/>
  <testcase classname="com.tutorialninja.testcases.SearchTest" name="VerifyWithInvalidProduct" time="0.529"/>
  <testcase classname="com.tutorialninja.testcases.SearchTest" name="verifyWithValidProduct" time="0.497"/>
  <testcase classname="com.tutorialninja.testcases.SearchTest" name="verifyWithoutProduct" time="0.54"/>
</testsuite> <!-- Test -->
