<?xml version="1.0" encoding="UTF-8"?>
<!-- Generated by org.testng.reporters.JUnitXMLReporter -->
<testsuite ignored="0" hostname="DESKTOP-OS6BKGO" failures="1" tests="12" name="Test" time="40.142" errors="0" timestamp="2025-09-28T18:59:05 IST">
  <testcase classname="com.tutorialninja.testcases.RegisterTest" name="verifyRegisteringAccWithAllFields" time="2.24"/>
  <testcase classname="com.tutorialninja.testcases.RegisterTest" name="verifyRegisteringAccWithExistingEmail" time="1.472"/>
  <testcase classname="com.tutorialninja.testcases.RegisterTest" name="verifyRegisteringAccWithMandFields" time="1.492"/>
  <testcase classname="com.tutorialninja.testcases.LoginTest" name="loginWithValidCredentials" time="1.029"/>
  <testcase classname="com.tutorialninja.testcases.LoginTest" name="loginWithValidCredentials" time="0.997"/>
  <testcase classname="com.tutorialninja.testcases.LoginTest" name="loginWithValidCredentials" time="1.367"/>
  <testcase classname="com.tutorialninja.testcases.LoginTest" name="loginWithInvalidCredentials" time="0.88"/>
  <testcase classname="com.tutorialninja.testcases.LoginTest" name="verifyWithValidEmailAndInvalidPassword" time="0.9"/>
  <testcase classname="com.tutorialninja.testcases.LoginTest" name="verifyWithInalidEmailAndValidPassword" time="0.903"/>
  <testcase classname="com.tutorialninja.testcases.SearchTest" name="VerifyWithInvalidProduct" time="0.394">
    <failure type="java.lang.AssertionError" message="expected [true] but found [false]">
      <![CDATA[java.lang.AssertionError: expected [true] but found [false]
at com.tutorialninja.testcases.SearchTest.VerifyWithInvalidProduct(SearchTest.java:48)
at java.base/java.util.ArrayList.forEach(ArrayList.java:1604)
... Removed 33 stack frames]]>
    </failure>
  </testcase> <!-- VerifyWithInvalidProduct -->
  <testcase classname="com.tutorialninja.testcases.SearchTest" name="verifyWithValidProduct" time="0.434"/>
  <testcase classname="com.tutorialninja.testcases.SearchTest" name="verifyWithoutProduct" time="0.0">
    <skipped/>
  </testcase> <!-- verifyWithoutProduct -->
</testsuite> <!-- Test -->
