<?xml version="1.0" encoding="UTF-8"?>
<testng-results ignored="0" total="12" passed="12" failed="0" skipped="0">
  <reporter-output>
  </reporter-output>
  <suite started-at="2025-10-19T19:36:33 IST" name="Suite" finished-at="2025-10-19T19:37:14 IST" duration-ms="40127">
    <groups>
    </groups>
    <test started-at="2025-10-19T19:36:33 IST" name="Test" finished-at="2025-10-19T19:37:14 IST" duration-ms="40127">
      <class name="com.tutorialninja.testcases.RegisterTest">
        <test-method is-config="true" signature="setup()[pri:0, instance:com.tutorialninja.testcases.RegisterTest@67c27493]" started-at="2025-10-19T19:36:34 IST" name="setup" finished-at="2025-10-19T19:36:38 IST" duration-ms="4241" status="PASS">
          <reporter-output>
          </reporter-output>
        </test-method> <!-- setup -->
        <test-method signature="verifyRegisteringAccWithAllFields()[pri:0, instance:com.tutorialninja.testcases.RegisterTest@67c27493]" started-at="2025-10-19T19:36:38 IST" name="verifyRegisteringAccWithAllFields" finished-at="2025-10-19T19:36:40 IST" duration-ms="1865" status="PASS">
          <reporter-output>
          </reporter-output>
        </test-method> <!-- verifyRegisteringAccWithAllFields -->
        <test-method is-config="true" signature="teatDown()[pri:0, instance:com.tutorialninja.testcases.RegisterTest@67c27493]" started-at="2025-10-19T19:36:40 IST" name="teatDown" finished-at="2025-10-19T19:36:40 IST" duration-ms="88" status="PASS">
          <reporter-output>
          </reporter-output>
        </test-method> <!-- teatDown -->
        <test-method is-config="true" signature="setup()[pri:0, instance:com.tutorialninja.testcases.RegisterTest@67c27493]" started-at="2025-10-19T19:36:40 IST" name="setup" finished-at="2025-10-19T19:36:42 IST" duration-ms="2105" status="PASS">
          <reporter-output>
          </reporter-output>
        </test-method> <!-- setup -->
        <test-method signature="verifyRegisteringAccWithExistingEmail()[pri:0, instance:com.tutorialninja.testcases.RegisterTest@67c27493]" started-at="2025-10-19T19:36:42 IST" name="verifyRegisteringAccWithExistingEmail" finished-at="2025-10-19T19:36:43 IST" duration-ms="1381" status="PASS">
          <reporter-output>
          </reporter-output>
        </test-method> <!-- verifyRegisteringAccWithExistingEmail -->
        <test-method is-config="true" signature="teatDown()[pri:0, instance:com.tutorialninja.testcases.RegisterTest@67c27493]" started-at="2025-10-19T19:36:43 IST" name="teatDown" finished-at="2025-10-19T19:36:44 IST" duration-ms="84" status="PASS">
          <reporter-output>
          </reporter-output>
        </test-method> <!-- teatDown -->
        <test-method is-config="true" signature="setup()[pri:0, instance:com.tutorialninja.testcases.RegisterTest@67c27493]" started-at="2025-10-19T19:36:44 IST" name="setup" finished-at="2025-10-19T19:36:46 IST" duration-ms="2164" status="PASS">
          <reporter-output>
          </reporter-output>
        </test-method> <!-- setup -->
        <test-method signature="verifyRegisteringAccWithMandFields()[pri:0, instance:com.tutorialninja.testcases.RegisterTest@67c27493]" started-at="2025-10-19T19:36:46 IST" name="verifyRegisteringAccWithMandFields" finished-at="2025-10-19T19:36:47 IST" duration-ms="1593" status="PASS">
          <reporter-output>
          </reporter-output>
        </test-method> <!-- verifyRegisteringAccWithMandFields -->
        <test-method is-config="true" signature="teatDown()[pri:0, instance:com.tutorialninja.testcases.RegisterTest@67c27493]" started-at="2025-10-19T19:36:47 IST" name="teatDown" finished-at="2025-10-19T19:36:47 IST" duration-ms="84" status="PASS">
          <reporter-output>
          </reporter-output>
        </test-method> <!-- teatDown -->
      </class> <!-- com.tutorialninja.testcases.RegisterTest -->
      <class name="com.tutorialninja.testcases.SearchTest">
        <test-method is-config="true" signature="setup()[pri:0, instance:com.tutorialninja.testcases.SearchTest@78691363]" started-at="2025-10-19T19:37:07 IST" name="setup" finished-at="2025-10-19T19:37:09 IST" duration-ms="1531" status="PASS">
          <reporter-output>
          </reporter-output>
        </test-method> <!-- setup -->
        <test-method signature="VerifyWithInvalidProduct()[pri:0, instance:com.tutorialninja.testcases.SearchTest@78691363]" started-at="2025-10-19T19:37:09 IST" name="VerifyWithInvalidProduct" finished-at="2025-10-19T19:37:09 IST" duration-ms="529" status="PASS">
          <reporter-output>
          </reporter-output>
        </test-method> <!-- VerifyWithInvalidProduct -->
        <test-method is-config="true" signature="tearDown()[pri:0, instance:com.tutorialninja.testcases.SearchTest@78691363]" started-at="2025-10-19T19:37:09 IST" name="tearDown" finished-at="2025-10-19T19:37:09 IST" duration-ms="82" status="PASS">
          <reporter-output>
          </reporter-output>
        </test-method> <!-- tearDown -->
        <test-method is-config="true" signature="setup()[pri:0, instance:com.tutorialninja.testcases.SearchTest@78691363]" started-at="2025-10-19T19:37:09 IST" name="setup" finished-at="2025-10-19T19:37:11 IST" duration-ms="1547" status="PASS">
          <reporter-output>
          </reporter-output>
        </test-method> <!-- setup -->
        <test-method signature="verifyWithValidProduct()[pri:0, instance:com.tutorialninja.testcases.SearchTest@78691363]" started-at="2025-10-19T19:37:11 IST" name="verifyWithValidProduct" finished-at="2025-10-19T19:37:11 IST" duration-ms="497" status="PASS">
          <reporter-output>
          </reporter-output>
        </test-method> <!-- verifyWithValidProduct -->
        <test-method is-config="true" signature="tearDown()[pri:0, instance:com.tutorialninja.testcases.SearchTest@78691363]" started-at="2025-10-19T19:37:11 IST" name="tearDown" finished-at="2025-10-19T19:37:11 IST" duration-ms="84" status="PASS">
          <reporter-output>
          </reporter-output>
        </test-method> <!-- tearDown -->
        <test-method is-config="true" signature="setup()[pri:0, instance:com.tutorialninja.testcases.SearchTest@78691363]" started-at="2025-10-19T19:37:11 IST" name="setup" finished-at="2025-10-19T19:37:13 IST" duration-ms="1454" status="PASS">
          <reporter-output>
          </reporter-output>
        </test-method> <!-- setup -->
        <test-method signature="verifyWithoutProduct()[pri:0, instance:com.tutorialninja.testcases.SearchTest@78691363]" started-at="2025-10-19T19:37:13 IST" name="verifyWithoutProduct" finished-at="2025-10-19T19:37:13 IST" duration-ms="540" status="PASS">
          <reporter-output>
          </reporter-output>
        </test-method> <!-- verifyWithoutProduct -->
        <test-method is-config="true" signature="tearDown()[pri:0, instance:com.tutorialninja.testcases.SearchTest@78691363]" started-at="2025-10-19T19:37:13 IST" name="tearDown" finished-at="2025-10-19T19:37:14 IST" duration-ms="87" status="PASS">
          <reporter-output>
          </reporter-output>
        </test-method> <!-- tearDown -->
      </class> <!-- com.tutorialninja.testcases.SearchTest -->
      <class name="com.tutorialninja.testcases.LoginTest">
        <test-method is-config="true" signature="setup()[pri:0, instance:com.tutorialninja.testcases.LoginTest@1bb5a082]" started-at="2025-10-19T19:36:48 IST" name="setup" finished-at="2025-10-19T19:36:50 IST" duration-ms="2225" status="PASS">
          <reporter-output>
          </reporter-output>
        </test-method> <!-- setup -->
        <test-method signature="loginWithValidCredentials(java.lang.String,java.lang.String)[pri:1, instance:com.tutorialninja.testcases.LoginTest@1bb5a082]" started-at="2025-10-19T19:36:50 IST" name="loginWithValidCredentials" data-provider="DataSupplier" finished-at="2025-10-19T19:36:51 IST" duration-ms="1041" status="PASS">
          <params>
            <param index="0">
              <value>
                <![CDATA[jajatest123@gmail.com]]>
              </value>
            </param>
            <param index="1">
              <value>
                <![CDATA[12345]]>
              </value>
            </param>
          </params>
          <reporter-output>
          </reporter-output>
        </test-method> <!-- loginWithValidCredentials -->
        <test-method is-config="true" signature="teatDown()[pri:0, instance:com.tutorialninja.testcases.LoginTest@1bb5a082]" started-at="2025-10-19T19:36:51 IST" name="teatDown" finished-at="2025-10-19T19:36:52 IST" duration-ms="86" status="PASS">
          <reporter-output>
          </reporter-output>
        </test-method> <!-- teatDown -->
        <test-method is-config="true" signature="setup()[pri:0, instance:com.tutorialninja.testcases.LoginTest@1bb5a082]" started-at="2025-10-19T19:36:52 IST" name="setup" finished-at="2025-10-19T19:36:54 IST" duration-ms="2035" status="PASS">
          <reporter-output>
          </reporter-output>
        </test-method> <!-- setup -->
        <test-method signature="loginWithValidCredentials(java.lang.String,java.lang.String)[pri:1, instance:com.tutorialninja.testcases.LoginTest@1bb5a082]" started-at="2025-10-19T19:36:54 IST" name="loginWithValidCredentials" data-provider="DataSupplier" finished-at="2025-10-19T19:36:55 IST" duration-ms="1082" status="PASS">
          <params>
            <param index="0">
              <value>
                <![CDATA[jajatest124@gmail.com]]>
              </value>
            </param>
            <param index="1">
              <value>
                <![CDATA[12345]]>
              </value>
            </param>
          </params>
          <reporter-output>
          </reporter-output>
        </test-method> <!-- loginWithValidCredentials -->
        <test-method is-config="true" signature="teatDown()[pri:0, instance:com.tutorialninja.testcases.LoginTest@1bb5a082]" started-at="2025-10-19T19:36:55 IST" name="teatDown" finished-at="2025-10-19T19:36:55 IST" duration-ms="83" status="PASS">
          <reporter-output>
          </reporter-output>
        </test-method> <!-- teatDown -->
        <test-method is-config="true" signature="setup()[pri:0, instance:com.tutorialninja.testcases.LoginTest@1bb5a082]" started-at="2025-10-19T19:36:55 IST" name="setup" finished-at="2025-10-19T19:36:57 IST" duration-ms="1877" status="PASS">
          <reporter-output>
          </reporter-output>
        </test-method> <!-- setup -->
        <test-method signature="loginWithValidCredentials(java.lang.String,java.lang.String)[pri:1, instance:com.tutorialninja.testcases.LoginTest@1bb5a082]" started-at="2025-10-19T19:36:57 IST" name="loginWithValidCredentials" data-provider="DataSupplier" finished-at="2025-10-19T19:36:58 IST" duration-ms="1273" status="PASS">
          <params>
            <param index="0">
              <value>
                <![CDATA[jajatest125@gmail.com]]>
              </value>
            </param>
            <param index="1">
              <value>
                <![CDATA[12345]]>
              </value>
            </param>
          </params>
          <reporter-output>
          </reporter-output>
        </test-method> <!-- loginWithValidCredentials -->
        <test-method is-config="true" signature="teatDown()[pri:0, instance:com.tutorialninja.testcases.LoginTest@1bb5a082]" started-at="2025-10-19T19:36:58 IST" name="teatDown" finished-at="2025-10-19T19:36:58 IST" duration-ms="81" status="PASS">
          <reporter-output>
          </reporter-output>
        </test-method> <!-- teatDown -->
        <test-method is-config="true" signature="setup()[pri:0, instance:com.tutorialninja.testcases.LoginTest@1bb5a082]" started-at="2025-10-19T19:36:58 IST" name="setup" finished-at="2025-10-19T19:37:00 IST" duration-ms="2007" status="PASS">
          <reporter-output>
          </reporter-output>
        </test-method> <!-- setup -->
        <test-method signature="loginWithInvalidCredentials()[pri:2, instance:com.tutorialninja.testcases.LoginTest@1bb5a082]" started-at="2025-10-19T19:37:00 IST" name="loginWithInvalidCredentials" finished-at="2025-10-19T19:37:01 IST" duration-ms="987" status="PASS">
          <reporter-output>
          </reporter-output>
        </test-method> <!-- loginWithInvalidCredentials -->
        <test-method is-config="true" signature="teatDown()[pri:0, instance:com.tutorialninja.testcases.LoginTest@1bb5a082]" started-at="2025-10-19T19:37:01 IST" name="teatDown" finished-at="2025-10-19T19:37:01 IST" duration-ms="82" status="PASS">
          <reporter-output>
          </reporter-output>
        </test-method> <!-- teatDown -->
        <test-method is-config="true" signature="setup()[pri:0, instance:com.tutorialninja.testcases.LoginTest@1bb5a082]" started-at="2025-10-19T19:37:01 IST" name="setup" finished-at="2025-10-19T19:37:03 IST" duration-ms="2008" status="PASS">
          <reporter-output>
          </reporter-output>
        </test-method> <!-- setup -->
        <test-method signature="verifyWithValidEmailAndInvalidPassword()[pri:3, instance:com.tutorialninja.testcases.LoginTest@1bb5a082]" started-at="2025-10-19T19:37:03 IST" name="verifyWithValidEmailAndInvalidPassword" finished-at="2025-10-19T19:37:04 IST" duration-ms="899" status="PASS">
          <reporter-output>
          </reporter-output>
        </test-method> <!-- verifyWithValidEmailAndInvalidPassword -->
        <test-method is-config="true" signature="teatDown()[pri:0, instance:com.tutorialninja.testcases.LoginTest@1bb5a082]" started-at="2025-10-19T19:37:04 IST" name="teatDown" finished-at="2025-10-19T19:37:04 IST" duration-ms="86" status="PASS">
          <reporter-output>
          </reporter-output>
        </test-method> <!-- teatDown -->
        <test-method is-config="true" signature="setup()[pri:0, instance:com.tutorialninja.testcases.LoginTest@1bb5a082]" started-at="2025-10-19T19:37:04 IST" name="setup" finished-at="2025-10-19T19:37:06 IST" duration-ms="1986" status="PASS">
          <reporter-output>
          </reporter-output>
        </test-method> <!-- setup -->
        <test-method signature="verifyWithInalidEmailAndValidPassword()[pri:4, instance:com.tutorialninja.testcases.LoginTest@1bb5a082]" started-at="2025-10-19T19:37:06 IST" name="verifyWithInalidEmailAndValidPassword" finished-at="2025-10-19T19:37:07 IST" duration-ms="1015" status="PASS">
          <reporter-output>
          </reporter-output>
        </test-method> <!-- verifyWithInalidEmailAndValidPassword -->
        <test-method is-config="true" signature="teatDown()[pri:0, instance:com.tutorialninja.testcases.LoginTest@1bb5a082]" started-at="2025-10-19T19:37:07 IST" name="teatDown" finished-at="2025-10-19T19:37:07 IST" duration-ms="81" status="PASS">
          <reporter-output>
          </reporter-output>
        </test-method> <!-- teatDown -->
      </class> <!-- com.tutorialninja.testcases.LoginTest -->
    </test> <!-- Test -->
  </suite> <!-- Suite -->
</testng-results>
