<?xml version="1.0" encoding="UTF-8"?>
<testng-results ignored="0" total="12" passed="10" failed="1" skipped="1">
  <reporter-output>
  </reporter-output>
  <suite started-at="2025-09-28T18:58:23 IST" name="Suite" finished-at="2025-09-28T18:59:03 IST" duration-ms="40142">
    <groups>
    </groups>
    <test started-at="2025-09-28T18:58:23 IST" name="Test" finished-at="2025-09-28T18:59:03 IST" duration-ms="40142">
      <class name="com.tutorialninja.testcases.RegisterTest">
        <test-method is-config="true" signature="setup()[pri:0, instance:com.tutorialninja.testcases.RegisterTest@15eb5ee5]" started-at="2025-09-28T18:58:23 IST" name="setup" finished-at="2025-09-28T18:58:29 IST" duration-ms="6067" status="PASS">
          <reporter-output>
          </reporter-output>
        </test-method> <!-- setup -->
        <test-method signature="verifyRegisteringAccWithAllFields()[pri:0, instance:com.tutorialninja.testcases.RegisterTest@15eb5ee5]" started-at="2025-09-28T18:58:29 IST" name="verifyRegisteringAccWithAllFields" finished-at="2025-09-28T18:58:32 IST" duration-ms="2240" status="PASS">
          <reporter-output>
          </reporter-output>
        </test-method> <!-- verifyRegisteringAccWithAllFields -->
        <test-method is-config="true" signature="teatDown()[pri:0, instance:com.tutorialninja.testcases.RegisterTest@15eb5ee5]" started-at="2025-09-28T18:58:32 IST" name="teatDown" finished-at="2025-09-28T18:58:33 IST" duration-ms="878" status="PASS">
          <reporter-output>
          </reporter-output>
        </test-method> <!-- teatDown -->
        <test-method is-config="true" signature="setup()[pri:0, instance:com.tutorialninja.testcases.RegisterTest@15eb5ee5]" started-at="2025-09-28T18:58:33 IST" name="setup" finished-at="2025-09-28T18:58:35 IST" duration-ms="1920" status="PASS">
          <reporter-output>
          </reporter-output>
        </test-method> <!-- setup -->
        <test-method signature="verifyRegisteringAccWithExistingEmail()[pri:0, instance:com.tutorialninja.testcases.RegisterTest@15eb5ee5]" started-at="2025-09-28T18:58:35 IST" name="verifyRegisteringAccWithExistingEmail" finished-at="2025-09-28T18:58:36 IST" duration-ms="1472" status="PASS">
          <reporter-output>
          </reporter-output>
        </test-method> <!-- verifyRegisteringAccWithExistingEmail -->
        <test-method is-config="true" signature="teatDown()[pri:0, instance:com.tutorialninja.testcases.RegisterTest@15eb5ee5]" started-at="2025-09-28T18:58:36 IST" name="teatDown" finished-at="2025-09-28T18:58:36 IST" duration-ms="84" status="PASS">
          <reporter-output>
          </reporter-output>
        </test-method> <!-- teatDown -->
        <test-method is-config="true" signature="setup()[pri:0, instance:com.tutorialninja.testcases.RegisterTest@15eb5ee5]" started-at="2025-09-28T18:58:36 IST" name="setup" finished-at="2025-09-28T18:58:38 IST" duration-ms="1953" status="PASS">
          <reporter-output>
          </reporter-output>
        </test-method> <!-- setup -->
        <test-method signature="verifyRegisteringAccWithMandFields()[pri:0, instance:com.tutorialninja.testcases.RegisterTest@15eb5ee5]" started-at="2025-09-28T18:58:38 IST" name="verifyRegisteringAccWithMandFields" finished-at="2025-09-28T18:58:40 IST" duration-ms="1492" status="PASS">
          <reporter-output>
          </reporter-output>
        </test-method> <!-- verifyRegisteringAccWithMandFields -->
        <test-method is-config="true" signature="teatDown()[pri:0, instance:com.tutorialninja.testcases.RegisterTest@15eb5ee5]" started-at="2025-09-28T18:58:40 IST" name="teatDown" finished-at="2025-09-28T18:58:40 IST" duration-ms="78" status="PASS">
          <reporter-output>
          </reporter-output>
        </test-method> <!-- teatDown -->
      </class> <!-- com.tutorialninja.testcases.RegisterTest -->
      <class name="com.tutorialninja.testcases.SearchTest">
        <test-method is-config="true" signature="setup()[pri:0, instance:com.tutorialninja.testcases.SearchTest@384ad17b]" started-at="2025-09-28T18:58:59 IST" name="setup" finished-at="2025-09-28T18:59:01 IST" duration-ms="1305" status="PASS">
          <reporter-output>
          </reporter-output>
        </test-method> <!-- setup -->
        <test-method signature="VerifyWithInvalidProduct()[pri:0, instance:com.tutorialninja.testcases.SearchTest@384ad17b]" started-at="2025-09-28T18:59:01 IST" name="VerifyWithInvalidProduct" finished-at="2025-09-28T18:59:01 IST" duration-ms="394" status="FAIL">
          <exception class="java.lang.AssertionError">
            <message>
              <![CDATA[expected [true] but found [false]]]>
            </message>
            <full-stacktrace>
              <![CDATA[java.lang.AssertionError: expected [true] but found [false]
at org.testng.Assert.fail(Assert.java:111)
at org.testng.Assert.failNotEquals(Assert.java:1590)
at org.testng.Assert.assertTrue(Assert.java:57)
at org.testng.Assert.assertTrue(Assert.java:67)
at com.tutorialninja.testcases.SearchTest.VerifyWithInvalidProduct(SearchTest.java:48)
at java.base/jdk.internal.reflect.DirectMethodHandleAccessor.invoke(DirectMethodHandleAccessor.java:104)
at java.base/java.lang.reflect.Method.invoke(Method.java:565)
at org.testng.internal.invokers.MethodInvocationHelper.invokeMethod(MethodInvocationHelper.java:141)
at org.testng.internal.invokers.TestInvoker.invokeMethod(TestInvoker.java:687)
at org.testng.internal.invokers.TestInvoker.invokeTestMethod(TestInvoker.java:230)
at org.testng.internal.invokers.MethodRunner.runInSequence(MethodRunner.java:63)
at org.testng.internal.invokers.TestInvoker$MethodInvocationAgent.invoke(TestInvoker.java:995)
at org.testng.internal.invokers.TestInvoker.invokeTestMethods(TestInvoker.java:203)
at org.testng.internal.invokers.TestMethodWorker.invokeTestMethods(TestMethodWorker.java:154)
at org.testng.internal.invokers.TestMethodWorker.run(TestMethodWorker.java:134)
at java.base/java.util.ArrayList.forEach(ArrayList.java:1604)
at org.testng.TestRunner.privateRun(TestRunner.java:741)
at org.testng.TestRunner.run(TestRunner.java:616)
at org.testng.SuiteRunner.runTest(SuiteRunner.java:421)
at org.testng.SuiteRunner.runSequentially(SuiteRunner.java:413)
at org.testng.SuiteRunner.privateRun(SuiteRunner.java:373)
at org.testng.SuiteRunner.run(SuiteRunner.java:312)
at org.testng.SuiteRunnerWorker.runSuite(SuiteRunnerWorker.java:52)
at org.testng.SuiteRunnerWorker.run(SuiteRunnerWorker.java:95)
at org.testng.TestNG.runSuitesSequentially(TestNG.java:1274)
at org.testng.TestNG.runSuitesLocally(TestNG.java:1208)
at org.testng.TestNG.runSuites(TestNG.java:1112)
at org.testng.TestNG.run(TestNG.java:1079)
at org.apache.maven.surefire.testng.TestNGExecutor.run(TestNGExecutor.java:308)
at org.apache.maven.surefire.testng.TestNGXmlTestSuite.execute(TestNGXmlTestSuite.java:71)
at org.apache.maven.surefire.testng.TestNGProvider.invoke(TestNGProvider.java:113)
at org.apache.maven.surefire.booter.ForkedBooter.runSuitesInProcess(ForkedBooter.java:385)
at org.apache.maven.surefire.booter.ForkedBooter.execute(ForkedBooter.java:162)
at org.apache.maven.surefire.booter.ForkedBooter.run(ForkedBooter.java:507)
at org.apache.maven.surefire.booter.ForkedBooter.main(ForkedBooter.java:495)
]]>
            </full-stacktrace>
          </exception> <!-- java.lang.AssertionError -->
          <reporter-output>
          </reporter-output>
        </test-method> <!-- VerifyWithInvalidProduct -->
        <test-method is-config="true" signature="tearDown()[pri:0, instance:com.tutorialninja.testcases.SearchTest@384ad17b]" started-at="2025-09-28T18:59:01 IST" name="tearDown" finished-at="2025-09-28T18:59:01 IST" duration-ms="76" status="PASS">
          <reporter-output>
          </reporter-output>
        </test-method> <!-- tearDown -->
        <test-method is-config="true" signature="setup()[pri:0, instance:com.tutorialninja.testcases.SearchTest@384ad17b]" started-at="2025-09-28T18:59:01 IST" name="setup" finished-at="2025-09-28T18:59:03 IST" duration-ms="1365" status="PASS">
          <reporter-output>
          </reporter-output>
        </test-method> <!-- setup -->
        <test-method signature="verifyWithValidProduct()[pri:0, instance:com.tutorialninja.testcases.SearchTest@384ad17b]" started-at="2025-09-28T18:59:03 IST" name="verifyWithValidProduct" finished-at="2025-09-28T18:59:03 IST" duration-ms="434" status="PASS">
          <reporter-output>
          </reporter-output>
        </test-method> <!-- verifyWithValidProduct -->
        <test-method is-config="true" signature="tearDown()[pri:0, instance:com.tutorialninja.testcases.SearchTest@384ad17b]" started-at="2025-09-28T18:59:03 IST" name="tearDown" finished-at="2025-09-28T18:59:03 IST" duration-ms="76" status="PASS">
          <reporter-output>
          </reporter-output>
        </test-method> <!-- tearDown -->
        <test-method signature="verifyWithoutProduct()[pri:0, instance:com.tutorialninja.testcases.SearchTest@384ad17b]" started-at="2025-09-28T18:59:03 IST" name="verifyWithoutProduct" finished-at="2025-09-28T18:59:03 IST" depends-on-methods="com.tutorialninja.testcases.SearchTest.VerifyWithInvalidProduct" duration-ms="0" status="SKIP">
          <exception class="java.lang.Throwable">
            <message>
              <![CDATA[Method com.tutorialninja.testcases.SearchTest.verifyWithoutProduct() on instance com.tutorialninja.testcases.SearchTest@384ad17b depends on not successfully finished methods 
[com.tutorialninja.testcases.SearchTest.VerifyWithInvalidProduct() on instance com.tutorialninja.testcases.SearchTest@384ad17b]]]>
            </message>
            <full-stacktrace>
              <![CDATA[java.lang.Throwable: Method com.tutorialninja.testcases.SearchTest.verifyWithoutProduct() on instance com.tutorialninja.testcases.SearchTest@384ad17b depends on not successfully finished methods 
[com.tutorialninja.testcases.SearchTest.VerifyWithInvalidProduct() on instance com.tutorialninja.testcases.SearchTest@384ad17b]
at org.testng.internal.invokers.TestInvoker.invokeTestMethods(TestInvoker.java:159)
at org.testng.internal.invokers.TestMethodWorker.invokeTestMethods(TestMethodWorker.java:154)
at org.testng.internal.invokers.TestMethodWorker.run(TestMethodWorker.java:134)
at java.base/java.util.ArrayList.forEach(ArrayList.java:1604)
at org.testng.TestRunner.privateRun(TestRunner.java:741)
at org.testng.TestRunner.run(TestRunner.java:616)
at org.testng.SuiteRunner.runTest(SuiteRunner.java:421)
at org.testng.SuiteRunner.runSequentially(SuiteRunner.java:413)
at org.testng.SuiteRunner.privateRun(SuiteRunner.java:373)
at org.testng.SuiteRunner.run(SuiteRunner.java:312)
at org.testng.SuiteRunnerWorker.runSuite(SuiteRunnerWorker.java:52)
at org.testng.SuiteRunnerWorker.run(SuiteRunnerWorker.java:95)
at org.testng.TestNG.runSuitesSequentially(TestNG.java:1274)
at org.testng.TestNG.runSuitesLocally(TestNG.java:1208)
at org.testng.TestNG.runSuites(TestNG.java:1112)
at org.testng.TestNG.run(TestNG.java:1079)
at org.apache.maven.surefire.testng.TestNGExecutor.run(TestNGExecutor.java:308)
at org.apache.maven.surefire.testng.TestNGXmlTestSuite.execute(TestNGXmlTestSuite.java:71)
at org.apache.maven.surefire.testng.TestNGProvider.invoke(TestNGProvider.java:113)
at org.apache.maven.surefire.booter.ForkedBooter.runSuitesInProcess(ForkedBooter.java:385)
at org.apache.maven.surefire.booter.ForkedBooter.execute(ForkedBooter.java:162)
at org.apache.maven.surefire.booter.ForkedBooter.run(ForkedBooter.java:507)
at org.apache.maven.surefire.booter.ForkedBooter.main(ForkedBooter.java:495)
]]>
            </full-stacktrace>
          </exception> <!-- java.lang.Throwable -->
          <reporter-output>
          </reporter-output>
        </test-method> <!-- verifyWithoutProduct -->
      </class> <!-- com.tutorialninja.testcases.SearchTest -->
      <class name="com.tutorialninja.testcases.LoginTest">
        <test-method is-config="true" signature="setup()[pri:0, instance:com.tutorialninja.testcases.LoginTest@f5ac9e4]" started-at="2025-09-28T18:58:40 IST" name="setup" finished-at="2025-09-28T18:58:42 IST" duration-ms="2009" status="PASS">
          <reporter-output>
          </reporter-output>
        </test-method> <!-- setup -->
        <test-method signature="loginWithValidCredentials(java.lang.String,java.lang.String)[pri:1, instance:com.tutorialninja.testcases.LoginTest@f5ac9e4]" started-at="2025-09-28T18:58:42 IST" name="loginWithValidCredentials" data-provider="DataSupplier" finished-at="2025-09-28T18:58:43 IST" duration-ms="1029" status="PASS">
          <params>
            <param index="0">
              <value>
                <![CDATA[jajatest123@gmail.com]]>
              </value>
            </param>
            <param index="1">
              <value>
                <![CDATA[12345]]>
              </value>
            </param>
          </params>
          <reporter-output>
          </reporter-output>
        </test-method> <!-- loginWithValidCredentials -->
        <test-method is-config="true" signature="teatDown()[pri:0, instance:com.tutorialninja.testcases.LoginTest@f5ac9e4]" started-at="2025-09-28T18:58:43 IST" name="teatDown" finished-at="2025-09-28T18:58:44 IST" duration-ms="80" status="PASS">
          <reporter-output>
          </reporter-output>
        </test-method> <!-- teatDown -->
        <test-method is-config="true" signature="setup()[pri:0, instance:com.tutorialninja.testcases.LoginTest@f5ac9e4]" started-at="2025-09-28T18:58:44 IST" name="setup" finished-at="2025-09-28T18:58:46 IST" duration-ms="2150" status="PASS">
          <reporter-output>
          </reporter-output>
        </test-method> <!-- setup -->
        <test-method signature="loginWithValidCredentials(java.lang.String,java.lang.String)[pri:1, instance:com.tutorialninja.testcases.LoginTest@f5ac9e4]" started-at="2025-09-28T18:58:46 IST" name="loginWithValidCredentials" data-provider="DataSupplier" finished-at="2025-09-28T18:58:47 IST" duration-ms="997" status="PASS">
          <params>
            <param index="0">
              <value>
                <![CDATA[jajatest124@gmail.com]]>
              </value>
            </param>
            <param index="1">
              <value>
                <![CDATA[12345]]>
              </value>
            </param>
          </params>
          <reporter-output>
          </reporter-output>
        </test-method> <!-- loginWithValidCredentials -->
        <test-method is-config="true" signature="teatDown()[pri:0, instance:com.tutorialninja.testcases.LoginTest@f5ac9e4]" started-at="2025-09-28T18:58:47 IST" name="teatDown" finished-at="2025-09-28T18:58:47 IST" duration-ms="80" status="PASS">
          <reporter-output>
          </reporter-output>
        </test-method> <!-- teatDown -->
        <test-method is-config="true" signature="setup()[pri:0, instance:com.tutorialninja.testcases.LoginTest@f5ac9e4]" started-at="2025-09-28T18:58:47 IST" name="setup" finished-at="2025-09-28T18:58:49 IST" duration-ms="1932" status="PASS">
          <reporter-output>
          </reporter-output>
        </test-method> <!-- setup -->
        <test-method signature="loginWithValidCredentials(java.lang.String,java.lang.String)[pri:1, instance:com.tutorialninja.testcases.LoginTest@f5ac9e4]" started-at="2025-09-28T18:58:49 IST" name="loginWithValidCredentials" data-provider="DataSupplier" finished-at="2025-09-28T18:58:50 IST" duration-ms="1367" status="PASS">
          <params>
            <param index="0">
              <value>
                <![CDATA[jajatest125@gmail.com]]>
              </value>
            </param>
            <param index="1">
              <value>
                <![CDATA[12345]]>
              </value>
            </param>
          </params>
          <reporter-output>
          </reporter-output>
        </test-method> <!-- loginWithValidCredentials -->
        <test-method is-config="true" signature="teatDown()[pri:0, instance:com.tutorialninja.testcases.LoginTest@f5ac9e4]" started-at="2025-09-28T18:58:50 IST" name="teatDown" finished-at="2025-09-28T18:58:51 IST" duration-ms="1151" status="PASS">
          <reporter-output>
          </reporter-output>
        </test-method> <!-- teatDown -->
        <test-method is-config="true" signature="setup()[pri:0, instance:com.tutorialninja.testcases.LoginTest@f5ac9e4]" started-at="2025-09-28T18:58:51 IST" name="setup" finished-at="2025-09-28T18:58:53 IST" duration-ms="1718" status="PASS">
          <reporter-output>
          </reporter-output>
        </test-method> <!-- setup -->
        <test-method signature="loginWithInvalidCredentials()[pri:2, instance:com.tutorialninja.testcases.LoginTest@f5ac9e4]" started-at="2025-09-28T18:58:53 IST" name="loginWithInvalidCredentials" finished-at="2025-09-28T18:58:54 IST" duration-ms="880" status="PASS">
          <reporter-output>
          </reporter-output>
        </test-method> <!-- loginWithInvalidCredentials -->
        <test-method is-config="true" signature="teatDown()[pri:0, instance:com.tutorialninja.testcases.LoginTest@f5ac9e4]" started-at="2025-09-28T18:58:54 IST" name="teatDown" finished-at="2025-09-28T18:58:54 IST" duration-ms="76" status="PASS">
          <reporter-output>
          </reporter-output>
        </test-method> <!-- teatDown -->
        <test-method is-config="true" signature="setup()[pri:0, instance:com.tutorialninja.testcases.LoginTest@f5ac9e4]" started-at="2025-09-28T18:58:54 IST" name="setup" finished-at="2025-09-28T18:58:56 IST" duration-ms="1870" status="PASS">
          <reporter-output>
          </reporter-output>
        </test-method> <!-- setup -->
        <test-method signature="verifyWithValidEmailAndInvalidPassword()[pri:3, instance:com.tutorialninja.testcases.LoginTest@f5ac9e4]" started-at="2025-09-28T18:58:56 IST" name="verifyWithValidEmailAndInvalidPassword" finished-at="2025-09-28T18:58:57 IST" duration-ms="900" status="PASS">
          <reporter-output>
          </reporter-output>
        </test-method> <!-- verifyWithValidEmailAndInvalidPassword -->
        <test-method is-config="true" signature="teatDown()[pri:0, instance:com.tutorialninja.testcases.LoginTest@f5ac9e4]" started-at="2025-09-28T18:58:57 IST" name="teatDown" finished-at="2025-09-28T18:58:57 IST" duration-ms="76" status="PASS">
          <reporter-output>
          </reporter-output>
        </test-method> <!-- teatDown -->
        <test-method is-config="true" signature="setup()[pri:0, instance:com.tutorialninja.testcases.LoginTest@f5ac9e4]" started-at="2025-09-28T18:58:57 IST" name="setup" finished-at="2025-09-28T18:58:58 IST" duration-ms="1711" status="PASS">
          <reporter-output>
          </reporter-output>
        </test-method> <!-- setup -->
        <test-method signature="verifyWithInalidEmailAndValidPassword()[pri:4, instance:com.tutorialninja.testcases.LoginTest@f5ac9e4]" started-at="2025-09-28T18:58:58 IST" name="verifyWithInalidEmailAndValidPassword" finished-at="2025-09-28T18:58:59 IST" duration-ms="903" status="PASS">
          <reporter-output>
          </reporter-output>
        </test-method> <!-- verifyWithInalidEmailAndValidPassword -->
        <test-method is-config="true" signature="teatDown()[pri:0, instance:com.tutorialninja.testcases.LoginTest@f5ac9e4]" started-at="2025-09-28T18:58:59 IST" name="teatDown" finished-at="2025-09-28T18:58:59 IST" duration-ms="77" status="PASS">
          <reporter-output>
          </reporter-output>
        </test-method> <!-- teatDown -->
      </class> <!-- com.tutorialninja.testcases.LoginTest -->
    </test> <!-- Test -->
  </suite> <!-- Suite -->
</testng-results>
