<?xml version="1.0" encoding="UTF-8"?>
<testng-results ignored="0" total="12" passed="12" failed="0" skipped="0">
  <reporter-output>
  </reporter-output>
  <suite started-at="2025-10-19T17:45:30 IST" name="Suite" finished-at="2025-10-19T17:46:27 IST" duration-ms="57685">
    <groups>
    </groups>
    <test started-at="2025-10-19T17:45:30 IST" name="Test" finished-at="2025-10-19T17:46:27 IST" duration-ms="57685">
      <class name="com.tutorialninja.testcases.RegisterTest">
        <test-method is-config="true" signature="setup()[pri:0, instance:com.tutorialninja.testcases.RegisterTest@38d8f54a]" started-at="2025-10-19T17:45:30 IST" name="setup" finished-at="2025-10-19T17:45:38 IST" duration-ms="7835" status="PASS">
          <reporter-output>
          </reporter-output>
        </test-method> <!-- setup -->
        <test-method signature="verifyRegisteringAccWithAllFields()[pri:0, instance:com.tutorialninja.testcases.RegisterTest@38d8f54a]" started-at="2025-10-19T17:45:38 IST" name="verifyRegisteringAccWithAllFields" finished-at="2025-10-19T17:45:40 IST" duration-ms="2419" status="PASS">
          <reporter-output>
          </reporter-output>
        </test-method> <!-- verifyRegisteringAccWithAllFields -->
        <test-method is-config="true" signature="teatDown()[pri:0, instance:com.tutorialninja.testcases.RegisterTest@38d8f54a]" started-at="2025-10-19T17:45:40 IST" name="teatDown" finished-at="2025-10-19T17:45:40 IST" duration-ms="107" status="PASS">
          <reporter-output>
          </reporter-output>
        </test-method> <!-- teatDown -->
        <test-method is-config="true" signature="setup()[pri:0, instance:com.tutorialninja.testcases.RegisterTest@38d8f54a]" started-at="2025-10-19T17:45:40 IST" name="setup" finished-at="2025-10-19T17:45:44 IST" duration-ms="3293" status="PASS">
          <reporter-output>
          </reporter-output>
        </test-method> <!-- setup -->
        <test-method signature="verifyRegisteringAccWithExistingEmail()[pri:0, instance:com.tutorialninja.testcases.RegisterTest@38d8f54a]" started-at="2025-10-19T17:45:44 IST" name="verifyRegisteringAccWithExistingEmail" finished-at="2025-10-19T17:45:47 IST" duration-ms="2754" status="PASS">
          <reporter-output>
          </reporter-output>
        </test-method> <!-- verifyRegisteringAccWithExistingEmail -->
        <test-method is-config="true" signature="teatDown()[pri:0, instance:com.tutorialninja.testcases.RegisterTest@38d8f54a]" started-at="2025-10-19T17:45:47 IST" name="teatDown" finished-at="2025-10-19T17:45:47 IST" duration-ms="102" status="PASS">
          <reporter-output>
          </reporter-output>
        </test-method> <!-- teatDown -->
        <test-method is-config="true" signature="setup()[pri:0, instance:com.tutorialninja.testcases.RegisterTest@38d8f54a]" started-at="2025-10-19T17:45:47 IST" name="setup" finished-at="2025-10-19T17:45:50 IST" duration-ms="3110" status="PASS">
          <reporter-output>
          </reporter-output>
        </test-method> <!-- setup -->
        <test-method signature="verifyRegisteringAccWithMandFields()[pri:0, instance:com.tutorialninja.testcases.RegisterTest@38d8f54a]" started-at="2025-10-19T17:45:50 IST" name="verifyRegisteringAccWithMandFields" finished-at="2025-10-19T17:45:52 IST" duration-ms="2195" status="PASS">
          <reporter-output>
          </reporter-output>
        </test-method> <!-- verifyRegisteringAccWithMandFields -->
        <test-method is-config="true" signature="teatDown()[pri:0, instance:com.tutorialninja.testcases.RegisterTest@38d8f54a]" started-at="2025-10-19T17:45:52 IST" name="teatDown" finished-at="2025-10-19T17:45:52 IST" duration-ms="102" status="PASS">
          <reporter-output>
          </reporter-output>
        </test-method> <!-- teatDown -->
      </class> <!-- com.tutorialninja.testcases.RegisterTest -->
      <class name="com.tutorialninja.testcases.SearchTest">
        <test-method is-config="true" signature="setup()[pri:0, instance:com.tutorialninja.testcases.SearchTest@639c2c1d]" started-at="2025-10-19T17:46:18 IST" name="setup" finished-at="2025-10-19T17:46:20 IST" duration-ms="2000" status="PASS">
          <reporter-output>
          </reporter-output>
        </test-method> <!-- setup -->
        <test-method signature="VerifyWithInvalidProduct()[pri:0, instance:com.tutorialninja.testcases.SearchTest@639c2c1d]" started-at="2025-10-19T17:46:20 IST" name="VerifyWithInvalidProduct" finished-at="2025-10-19T17:46:21 IST" duration-ms="859" status="PASS">
          <reporter-output>
          </reporter-output>
        </test-method> <!-- VerifyWithInvalidProduct -->
        <test-method is-config="true" signature="tearDown()[pri:0, instance:com.tutorialninja.testcases.SearchTest@639c2c1d]" started-at="2025-10-19T17:46:21 IST" name="tearDown" finished-at="2025-10-19T17:46:21 IST" duration-ms="94" status="PASS">
          <reporter-output>
          </reporter-output>
        </test-method> <!-- tearDown -->
        <test-method is-config="true" signature="setup()[pri:0, instance:com.tutorialninja.testcases.SearchTest@639c2c1d]" started-at="2025-10-19T17:46:21 IST" name="setup" finished-at="2025-10-19T17:46:23 IST" duration-ms="1997" status="PASS">
          <reporter-output>
          </reporter-output>
        </test-method> <!-- setup -->
        <test-method signature="verifyWithValidProduct()[pri:0, instance:com.tutorialninja.testcases.SearchTest@639c2c1d]" started-at="2025-10-19T17:46:23 IST" name="verifyWithValidProduct" finished-at="2025-10-19T17:46:24 IST" duration-ms="784" status="PASS">
          <reporter-output>
          </reporter-output>
        </test-method> <!-- verifyWithValidProduct -->
        <test-method is-config="true" signature="tearDown()[pri:0, instance:com.tutorialninja.testcases.SearchTest@639c2c1d]" started-at="2025-10-19T17:46:24 IST" name="tearDown" finished-at="2025-10-19T17:46:24 IST" duration-ms="103" status="PASS">
          <reporter-output>
          </reporter-output>
        </test-method> <!-- tearDown -->
        <test-method is-config="true" signature="setup()[pri:0, instance:com.tutorialninja.testcases.SearchTest@639c2c1d]" started-at="2025-10-19T17:46:24 IST" name="setup" finished-at="2025-10-19T17:46:26 IST" duration-ms="2098" status="PASS">
          <reporter-output>
          </reporter-output>
        </test-method> <!-- setup -->
        <test-method signature="verifyWithoutProduct()[pri:0, instance:com.tutorialninja.testcases.SearchTest@639c2c1d]" started-at="2025-10-19T17:46:26 IST" name="verifyWithoutProduct" finished-at="2025-10-19T17:46:27 IST" duration-ms="755" status="PASS">
          <reporter-output>
          </reporter-output>
        </test-method> <!-- verifyWithoutProduct -->
        <test-method is-config="true" signature="tearDown()[pri:0, instance:com.tutorialninja.testcases.SearchTest@639c2c1d]" started-at="2025-10-19T17:46:27 IST" name="tearDown" finished-at="2025-10-19T17:46:27 IST" duration-ms="101" status="PASS">
          <reporter-output>
          </reporter-output>
        </test-method> <!-- tearDown -->
      </class> <!-- com.tutorialninja.testcases.SearchTest -->
      <class name="com.tutorialninja.testcases.LoginTest">
        <test-method is-config="true" signature="setup()[pri:0, instance:com.tutorialninja.testcases.LoginTest@515c6049]" started-at="2025-10-19T17:45:53 IST" name="setup" finished-at="2025-10-19T17:45:56 IST" duration-ms="2639" status="PASS">
          <reporter-output>
          </reporter-output>
        </test-method> <!-- setup -->
        <test-method signature="loginWithValidCredentials(java.lang.String,java.lang.String)[pri:1, instance:com.tutorialninja.testcases.LoginTest@515c6049]" started-at="2025-10-19T17:45:56 IST" name="loginWithValidCredentials" data-provider="DataSupplier" finished-at="2025-10-19T17:45:57 IST" duration-ms="1410" status="PASS">
          <params>
            <param index="0">
              <value>
                <![CDATA[jajatest123@gmail.com]]>
              </value>
            </param>
            <param index="1">
              <value>
                <![CDATA[12345]]>
              </value>
            </param>
          </params>
          <reporter-output>
          </reporter-output>
        </test-method> <!-- loginWithValidCredentials -->
        <test-method is-config="true" signature="teatDown()[pri:0, instance:com.tutorialninja.testcases.LoginTest@515c6049]" started-at="2025-10-19T17:45:57 IST" name="teatDown" finished-at="2025-10-19T17:45:57 IST" duration-ms="100" status="PASS">
          <reporter-output>
          </reporter-output>
        </test-method> <!-- teatDown -->
        <test-method is-config="true" signature="setup()[pri:0, instance:com.tutorialninja.testcases.LoginTest@515c6049]" started-at="2025-10-19T17:45:57 IST" name="setup" finished-at="2025-10-19T17:46:00 IST" duration-ms="3029" status="PASS">
          <reporter-output>
          </reporter-output>
        </test-method> <!-- setup -->
        <test-method signature="loginWithValidCredentials(java.lang.String,java.lang.String)[pri:1, instance:com.tutorialninja.testcases.LoginTest@515c6049]" started-at="2025-10-19T17:46:00 IST" name="loginWithValidCredentials" data-provider="DataSupplier" finished-at="2025-10-19T17:46:02 IST" duration-ms="1631" status="PASS">
          <params>
            <param index="0">
              <value>
                <![CDATA[jajatest124@gmail.com]]>
              </value>
            </param>
            <param index="1">
              <value>
                <![CDATA[12345]]>
              </value>
            </param>
          </params>
          <reporter-output>
          </reporter-output>
        </test-method> <!-- loginWithValidCredentials -->
        <test-method is-config="true" signature="teatDown()[pri:0, instance:com.tutorialninja.testcases.LoginTest@515c6049]" started-at="2025-10-19T17:46:02 IST" name="teatDown" finished-at="2025-10-19T17:46:02 IST" duration-ms="223" status="PASS">
          <reporter-output>
          </reporter-output>
        </test-method> <!-- teatDown -->
        <test-method is-config="true" signature="setup()[pri:0, instance:com.tutorialninja.testcases.LoginTest@515c6049]" started-at="2025-10-19T17:46:02 IST" name="setup" finished-at="2025-10-19T17:46:05 IST" duration-ms="2809" status="PASS">
          <reporter-output>
          </reporter-output>
        </test-method> <!-- setup -->
        <test-method signature="loginWithValidCredentials(java.lang.String,java.lang.String)[pri:1, instance:com.tutorialninja.testcases.LoginTest@515c6049]" started-at="2025-10-19T17:46:05 IST" name="loginWithValidCredentials" data-provider="DataSupplier" finished-at="2025-10-19T17:46:06 IST" duration-ms="1348" status="PASS">
          <params>
            <param index="0">
              <value>
                <![CDATA[jajatest125@gmail.com]]>
              </value>
            </param>
            <param index="1">
              <value>
                <![CDATA[12345]]>
              </value>
            </param>
          </params>
          <reporter-output>
          </reporter-output>
        </test-method> <!-- loginWithValidCredentials -->
        <test-method is-config="true" signature="teatDown()[pri:0, instance:com.tutorialninja.testcases.LoginTest@515c6049]" started-at="2025-10-19T17:46:06 IST" name="teatDown" finished-at="2025-10-19T17:46:06 IST" duration-ms="101" status="PASS">
          <reporter-output>
          </reporter-output>
        </test-method> <!-- teatDown -->
        <test-method is-config="true" signature="setup()[pri:0, instance:com.tutorialninja.testcases.LoginTest@515c6049]" started-at="2025-10-19T17:46:06 IST" name="setup" finished-at="2025-10-19T17:46:09 IST" duration-ms="2624" status="PASS">
          <reporter-output>
          </reporter-output>
        </test-method> <!-- setup -->
        <test-method signature="loginWithInvalidCredentials()[pri:2, instance:com.tutorialninja.testcases.LoginTest@515c6049]" started-at="2025-10-19T17:46:09 IST" name="loginWithInvalidCredentials" finished-at="2025-10-19T17:46:10 IST" duration-ms="1169" status="PASS">
          <reporter-output>
          </reporter-output>
        </test-method> <!-- loginWithInvalidCredentials -->
        <test-method is-config="true" signature="teatDown()[pri:0, instance:com.tutorialninja.testcases.LoginTest@515c6049]" started-at="2025-10-19T17:46:10 IST" name="teatDown" finished-at="2025-10-19T17:46:10 IST" duration-ms="100" status="PASS">
          <reporter-output>
          </reporter-output>
        </test-method> <!-- teatDown -->
        <test-method is-config="true" signature="setup()[pri:0, instance:com.tutorialninja.testcases.LoginTest@515c6049]" started-at="2025-10-19T17:46:10 IST" name="setup" finished-at="2025-10-19T17:46:13 IST" duration-ms="2871" status="PASS">
          <reporter-output>
          </reporter-output>
        </test-method> <!-- setup -->
        <test-method signature="verifyWithValidEmailAndInvalidPassword()[pri:3, instance:com.tutorialninja.testcases.LoginTest@515c6049]" started-at="2025-10-19T17:46:13 IST" name="verifyWithValidEmailAndInvalidPassword" finished-at="2025-10-19T17:46:14 IST" duration-ms="1176" status="PASS">
          <reporter-output>
          </reporter-output>
        </test-method> <!-- verifyWithValidEmailAndInvalidPassword -->
        <test-method is-config="true" signature="teatDown()[pri:0, instance:com.tutorialninja.testcases.LoginTest@515c6049]" started-at="2025-10-19T17:46:14 IST" name="teatDown" finished-at="2025-10-19T17:46:14 IST" duration-ms="83" status="PASS">
          <reporter-output>
          </reporter-output>
        </test-method> <!-- teatDown -->
        <test-method is-config="true" signature="setup()[pri:0, instance:com.tutorialninja.testcases.LoginTest@515c6049]" started-at="2025-10-19T17:46:14 IST" name="setup" finished-at="2025-10-19T17:46:17 IST" duration-ms="2630" status="PASS">
          <reporter-output>
          </reporter-output>
        </test-method> <!-- setup -->
        <test-method signature="verifyWithInalidEmailAndValidPassword()[pri:4, instance:com.tutorialninja.testcases.LoginTest@515c6049]" started-at="2025-10-19T17:46:17 IST" name="verifyWithInalidEmailAndValidPassword" finished-at="2025-10-19T17:46:18 IST" duration-ms="1324" status="PASS">
          <reporter-output>
          </reporter-output>
        </test-method> <!-- verifyWithInalidEmailAndValidPassword -->
        <test-method is-config="true" signature="teatDown()[pri:0, instance:com.tutorialninja.testcases.LoginTest@515c6049]" started-at="2025-10-19T17:46:18 IST" name="teatDown" finished-at="2025-10-19T17:46:18 IST" duration-ms="133" status="PASS">
          <reporter-output>
          </reporter-output>
        </test-method> <!-- teatDown -->
      </class> <!-- com.tutorialninja.testcases.LoginTest -->
    </test> <!-- Test -->
  </suite> <!-- Suite -->
</testng-results>
