<?xml version="1.0" encoding="UTF-8"?>
<testng-results ignored="0" total="12" passed="12" failed="0" skipped="0">
  <reporter-output>
  </reporter-output>
  <suite started-at="2025-10-21T21:09:09 IST" name="Suite" finished-at="2025-10-21T21:09:56 IST" duration-ms="46440">
    <groups>
    </groups>
    <test started-at="2025-10-21T21:09:09 IST" name="Test" finished-at="2025-10-21T21:09:56 IST" duration-ms="46440">
      <class name="com.tutorialninja.testcases.RegisterTest">
        <test-method is-config="true" signature="setup()[pri:0, instance:com.tutorialninja.testcases.RegisterTest@38d8f54a]" started-at="2025-10-21T21:09:10 IST" name="setup" finished-at="2025-10-21T21:09:14 IST" duration-ms="4478" status="PASS">
          <reporter-output>
          </reporter-output>
        </test-method> <!-- setup -->
        <test-method signature="verifyRegisteringAccWithAllFields()[pri:0, instance:com.tutorialninja.testcases.RegisterTest@38d8f54a]" started-at="2025-10-21T21:09:14 IST" name="verifyRegisteringAccWithAllFields" finished-at="2025-10-21T21:09:25 IST" duration-ms="10364" status="PASS">
          <reporter-output>
          </reporter-output>
        </test-method> <!-- verifyRegisteringAccWithAllFields -->
        <test-method is-config="true" signature="teatDown()[pri:0, instance:com.tutorialninja.testcases.RegisterTest@38d8f54a]" started-at="2025-10-21T21:09:25 IST" name="teatDown" finished-at="2025-10-21T21:09:25 IST" duration-ms="94" status="PASS">
          <reporter-output>
          </reporter-output>
        </test-method> <!-- teatDown -->
        <test-method is-config="true" signature="setup()[pri:0, instance:com.tutorialninja.testcases.RegisterTest@38d8f54a]" started-at="2025-10-21T21:09:25 IST" name="setup" finished-at="2025-10-21T21:09:27 IST" duration-ms="2012" status="PASS">
          <reporter-output>
          </reporter-output>
        </test-method> <!-- setup -->
        <test-method signature="verifyRegisteringAccWithExistingEmail()[pri:0, instance:com.tutorialninja.testcases.RegisterTest@38d8f54a]" started-at="2025-10-21T21:09:27 IST" name="verifyRegisteringAccWithExistingEmail" finished-at="2025-10-21T21:09:28 IST" duration-ms="1365" status="PASS">
          <reporter-output>
          </reporter-output>
        </test-method> <!-- verifyRegisteringAccWithExistingEmail -->
        <test-method is-config="true" signature="teatDown()[pri:0, instance:com.tutorialninja.testcases.RegisterTest@38d8f54a]" started-at="2025-10-21T21:09:28 IST" name="teatDown" finished-at="2025-10-21T21:09:28 IST" duration-ms="85" status="PASS">
          <reporter-output>
          </reporter-output>
        </test-method> <!-- teatDown -->
        <test-method is-config="true" signature="setup()[pri:0, instance:com.tutorialninja.testcases.RegisterTest@38d8f54a]" started-at="2025-10-21T21:09:28 IST" name="setup" finished-at="2025-10-21T21:09:30 IST" duration-ms="2124" status="PASS">
          <reporter-output>
          </reporter-output>
        </test-method> <!-- setup -->
        <test-method signature="verifyRegisteringAccWithMandFields()[pri:0, instance:com.tutorialninja.testcases.RegisterTest@38d8f54a]" started-at="2025-10-21T21:09:30 IST" name="verifyRegisteringAccWithMandFields" finished-at="2025-10-21T21:09:32 IST" duration-ms="1657" status="PASS">
          <reporter-output>
          </reporter-output>
        </test-method> <!-- verifyRegisteringAccWithMandFields -->
        <test-method is-config="true" signature="teatDown()[pri:0, instance:com.tutorialninja.testcases.RegisterTest@38d8f54a]" started-at="2025-10-21T21:09:32 IST" name="teatDown" finished-at="2025-10-21T21:09:32 IST" duration-ms="93" status="PASS">
          <reporter-output>
          </reporter-output>
        </test-method> <!-- teatDown -->
      </class> <!-- com.tutorialninja.testcases.RegisterTest -->
      <class name="com.tutorialninja.testcases.SearchTest">
        <test-method is-config="true" signature="setup()[pri:0, instance:com.tutorialninja.testcases.SearchTest@639c2c1d]" started-at="2025-10-21T21:09:50 IST" name="setup" finished-at="2025-10-21T21:09:51 IST" duration-ms="1532" status="PASS">
          <reporter-output>
          </reporter-output>
        </test-method> <!-- setup -->
        <test-method signature="VerifyWithInvalidProduct()[pri:0, instance:com.tutorialninja.testcases.SearchTest@639c2c1d]" started-at="2025-10-21T21:09:51 IST" name="VerifyWithInvalidProduct" finished-at="2025-10-21T21:09:52 IST" duration-ms="416" status="PASS">
          <reporter-output>
          </reporter-output>
        </test-method> <!-- VerifyWithInvalidProduct -->
        <test-method is-config="true" signature="tearDown()[pri:0, instance:com.tutorialninja.testcases.SearchTest@639c2c1d]" started-at="2025-10-21T21:09:52 IST" name="tearDown" finished-at="2025-10-21T21:09:52 IST" duration-ms="83" status="PASS">
          <reporter-output>
          </reporter-output>
        </test-method> <!-- tearDown -->
        <test-method is-config="true" signature="setup()[pri:0, instance:com.tutorialninja.testcases.SearchTest@639c2c1d]" started-at="2025-10-21T21:09:52 IST" name="setup" finished-at="2025-10-21T21:09:53 IST" duration-ms="1400" status="PASS">
          <reporter-output>
          </reporter-output>
        </test-method> <!-- setup -->
        <test-method signature="verifyWithValidProduct()[pri:0, instance:com.tutorialninja.testcases.SearchTest@639c2c1d]" started-at="2025-10-21T21:09:53 IST" name="verifyWithValidProduct" finished-at="2025-10-21T21:09:54 IST" duration-ms="432" status="PASS">
          <reporter-output>
          </reporter-output>
        </test-method> <!-- verifyWithValidProduct -->
        <test-method is-config="true" signature="tearDown()[pri:0, instance:com.tutorialninja.testcases.SearchTest@639c2c1d]" started-at="2025-10-21T21:09:54 IST" name="tearDown" finished-at="2025-10-21T21:09:54 IST" duration-ms="87" status="PASS">
          <reporter-output>
          </reporter-output>
        </test-method> <!-- tearDown -->
        <test-method is-config="true" signature="setup()[pri:0, instance:com.tutorialninja.testcases.SearchTest@639c2c1d]" started-at="2025-10-21T21:09:54 IST" name="setup" finished-at="2025-10-21T21:09:55 IST" duration-ms="1467" status="PASS">
          <reporter-output>
          </reporter-output>
        </test-method> <!-- setup -->
        <test-method signature="verifyWithoutProduct()[pri:0, instance:com.tutorialninja.testcases.SearchTest@639c2c1d]" started-at="2025-10-21T21:09:55 IST" name="verifyWithoutProduct" finished-at="2025-10-21T21:09:56 IST" duration-ms="484" status="PASS">
          <reporter-output>
          </reporter-output>
        </test-method> <!-- verifyWithoutProduct -->
        <test-method is-config="true" signature="tearDown()[pri:0, instance:com.tutorialninja.testcases.SearchTest@639c2c1d]" started-at="2025-10-21T21:09:56 IST" name="tearDown" finished-at="2025-10-21T21:09:56 IST" duration-ms="85" status="PASS">
          <reporter-output>
          </reporter-output>
        </test-method> <!-- tearDown -->
      </class> <!-- com.tutorialninja.testcases.SearchTest -->
      <class name="com.tutorialninja.testcases.LoginTest">
        <test-method is-config="true" signature="setup()[pri:0, instance:com.tutorialninja.testcases.LoginTest@515c6049]" started-at="2025-10-21T21:09:33 IST" name="setup" finished-at="2025-10-21T21:09:35 IST" duration-ms="1802" status="PASS">
          <reporter-output>
          </reporter-output>
        </test-method> <!-- setup -->
        <test-method signature="loginWithValidCredentials(java.lang.String,java.lang.String)[pri:1, instance:com.tutorialninja.testcases.LoginTest@515c6049]" started-at="2025-10-21T21:09:35 IST" name="loginWithValidCredentials" data-provider="DataSupplier" finished-at="2025-10-21T21:09:36 IST" duration-ms="966" status="PASS">
          <params>
            <param index="0">
              <value>
                <![CDATA[jajatest123@gmail.com]]>
              </value>
            </param>
            <param index="1">
              <value>
                <![CDATA[12345]]>
              </value>
            </param>
          </params>
          <reporter-output>
          </reporter-output>
        </test-method> <!-- loginWithValidCredentials -->
        <test-method is-config="true" signature="teatDown()[pri:0, instance:com.tutorialninja.testcases.LoginTest@515c6049]" started-at="2025-10-21T21:09:36 IST" name="teatDown" finished-at="2025-10-21T21:09:36 IST" duration-ms="83" status="PASS">
          <reporter-output>
          </reporter-output>
        </test-method> <!-- teatDown -->
        <test-method is-config="true" signature="setup()[pri:0, instance:com.tutorialninja.testcases.LoginTest@515c6049]" started-at="2025-10-21T21:09:36 IST" name="setup" finished-at="2025-10-21T21:09:38 IST" duration-ms="1840" status="PASS">
          <reporter-output>
          </reporter-output>
        </test-method> <!-- setup -->
        <test-method signature="loginWithValidCredentials(java.lang.String,java.lang.String)[pri:1, instance:com.tutorialninja.testcases.LoginTest@515c6049]" started-at="2025-10-21T21:09:38 IST" name="loginWithValidCredentials" data-provider="DataSupplier" finished-at="2025-10-21T21:09:39 IST" duration-ms="971" status="PASS">
          <params>
            <param index="0">
              <value>
                <![CDATA[jajatest124@gmail.com]]>
              </value>
            </param>
            <param index="1">
              <value>
                <![CDATA[12345]]>
              </value>
            </param>
          </params>
          <reporter-output>
          </reporter-output>
        </test-method> <!-- loginWithValidCredentials -->
        <test-method is-config="true" signature="teatDown()[pri:0, instance:com.tutorialninja.testcases.LoginTest@515c6049]" started-at="2025-10-21T21:09:39 IST" name="teatDown" finished-at="2025-10-21T21:09:39 IST" duration-ms="86" status="PASS">
          <reporter-output>
          </reporter-output>
        </test-method> <!-- teatDown -->
        <test-method is-config="true" signature="setup()[pri:0, instance:com.tutorialninja.testcases.LoginTest@515c6049]" started-at="2025-10-21T21:09:39 IST" name="setup" finished-at="2025-10-21T21:09:41 IST" duration-ms="2001" status="PASS">
          <reporter-output>
          </reporter-output>
        </test-method> <!-- setup -->
        <test-method signature="loginWithValidCredentials(java.lang.String,java.lang.String)[pri:1, instance:com.tutorialninja.testcases.LoginTest@515c6049]" started-at="2025-10-21T21:09:41 IST" name="loginWithValidCredentials" data-provider="DataSupplier" finished-at="2025-10-21T21:09:42 IST" duration-ms="966" status="PASS">
          <params>
            <param index="0">
              <value>
                <![CDATA[jajatest125@gmail.com]]>
              </value>
            </param>
            <param index="1">
              <value>
                <![CDATA[12345]]>
              </value>
            </param>
          </params>
          <reporter-output>
          </reporter-output>
        </test-method> <!-- loginWithValidCredentials -->
        <test-method is-config="true" signature="teatDown()[pri:0, instance:com.tutorialninja.testcases.LoginTest@515c6049]" started-at="2025-10-21T21:09:42 IST" name="teatDown" finished-at="2025-10-21T21:09:42 IST" duration-ms="86" status="PASS">
          <reporter-output>
          </reporter-output>
        </test-method> <!-- teatDown -->
        <test-method is-config="true" signature="setup()[pri:0, instance:com.tutorialninja.testcases.LoginTest@515c6049]" started-at="2025-10-21T21:09:42 IST" name="setup" finished-at="2025-10-21T21:09:44 IST" duration-ms="1872" status="PASS">
          <reporter-output>
          </reporter-output>
        </test-method> <!-- setup -->
        <test-method signature="loginWithInvalidCredentials()[pri:2, instance:com.tutorialninja.testcases.LoginTest@515c6049]" started-at="2025-10-21T21:09:44 IST" name="loginWithInvalidCredentials" finished-at="2025-10-21T21:09:44 IST" duration-ms="829" status="PASS">
          <reporter-output>
          </reporter-output>
        </test-method> <!-- loginWithInvalidCredentials -->
        <test-method is-config="true" signature="teatDown()[pri:0, instance:com.tutorialninja.testcases.LoginTest@515c6049]" started-at="2025-10-21T21:09:44 IST" name="teatDown" finished-at="2025-10-21T21:09:45 IST" duration-ms="81" status="PASS">
          <reporter-output>
          </reporter-output>
        </test-method> <!-- teatDown -->
        <test-method is-config="true" signature="setup()[pri:0, instance:com.tutorialninja.testcases.LoginTest@515c6049]" started-at="2025-10-21T21:09:45 IST" name="setup" finished-at="2025-10-21T21:09:46 IST" duration-ms="1712" status="PASS">
          <reporter-output>
          </reporter-output>
        </test-method> <!-- setup -->
        <test-method signature="verifyWithValidEmailAndInvalidPassword()[pri:3, instance:com.tutorialninja.testcases.LoginTest@515c6049]" started-at="2025-10-21T21:09:46 IST" name="verifyWithValidEmailAndInvalidPassword" finished-at="2025-10-21T21:09:47 IST" duration-ms="866" status="PASS">
          <reporter-output>
          </reporter-output>
        </test-method> <!-- verifyWithValidEmailAndInvalidPassword -->
        <test-method is-config="true" signature="teatDown()[pri:0, instance:com.tutorialninja.testcases.LoginTest@515c6049]" started-at="2025-10-21T21:09:47 IST" name="teatDown" finished-at="2025-10-21T21:09:47 IST" duration-ms="84" status="PASS">
          <reporter-output>
          </reporter-output>
        </test-method> <!-- teatDown -->
        <test-method is-config="true" signature="setup()[pri:0, instance:com.tutorialninja.testcases.LoginTest@515c6049]" started-at="2025-10-21T21:09:47 IST" name="setup" finished-at="2025-10-21T21:09:49 IST" duration-ms="1801" status="PASS">
          <reporter-output>
          </reporter-output>
        </test-method> <!-- setup -->
        <test-method signature="verifyWithInalidEmailAndValidPassword()[pri:4, instance:com.tutorialninja.testcases.LoginTest@515c6049]" started-at="2025-10-21T21:09:49 IST" name="verifyWithInalidEmailAndValidPassword" finished-at="2025-10-21T21:09:50 IST" duration-ms="833" status="PASS">
          <reporter-output>
          </reporter-output>
        </test-method> <!-- verifyWithInalidEmailAndValidPassword -->
        <test-method is-config="true" signature="teatDown()[pri:0, instance:com.tutorialninja.testcases.LoginTest@515c6049]" started-at="2025-10-21T21:09:50 IST" name="teatDown" finished-at="2025-10-21T21:09:50 IST" duration-ms="82" status="PASS">
          <reporter-output>
          </reporter-output>
        </test-method> <!-- teatDown -->
      </class> <!-- com.tutorialninja.testcases.LoginTest -->
    </test> <!-- Test -->
  </suite> <!-- Suite -->
</testng-results>
